<?xml version="1.0" encoding="UTF-8"?>
<!-- Generated by org.testng.reporters.JUnitReportReporter -->
<testsuite skipped="0" hostname="Home-PC" name="santoshparking.parkapp" tests="1" failures="0" timestamp="23 Mar 2018 06:59:52 GMT" time="6.493" errors="0">
  <testcase name="test" time="6.493" classname="santoshparking.parkapp"/>
</testsuite> <!-- santoshparking.parkapp -->
