<?xml version="1.0" encoding="UTF-8"?>
<!-- Generated by org.testng.reporters.JUnitReportReporter -->
<testsuite skipped="0" hostname="Home-PC" name="santoshparking.homepage.parkapp2" tests="1" failures="0" timestamp="27 Mar 2018 09:54:47 GMT" time="4.763" errors="0">
  <testcase name="test" time="4.763" classname="santoshparking.homepage.parkapp2"/>
</testsuite> <!-- santoshparking.homepage.parkapp2 -->
