<?xml version="1.0" encoding="UTF-8"?>
<!-- Generated by org.testng.reporters.JUnitReportReporter -->
<testsuite skipped="0" hostname="Home-PC" name="santoshparking.homepage.parkapp3" tests="3" failures="0" timestamp="28 Mar 2018 05:40:25 GMT" time="2.452" errors="0">
  <testcase name="test" time="0.691" classname="santoshparking.homepage.parkapp3"/>
  <testcase name="test2" time="0.828" classname="santoshparking.homepage.parkapp3"/>
  <testcase name="test1" time="0.933" classname="santoshparking.homepage.parkapp3"/>
</testsuite> <!-- santoshparking.homepage.parkapp3 -->
