<?xml version="1.0" encoding="UTF-8"?>
<!-- Generated by org.testng.reporters.JUnitReportReporter -->
<testsuite skipped="0" hostname="Home-PC" name="santodhparki.screencaptureforchrome" tests="4" failures="0" timestamp="03 Apr 2018 11:51:37 GMT" time="14.320" errors="0">
  <testcase name="test" time="3.722" classname="santodhparki.screencaptureforchrome"/>
  <testcase name="tests" time="3.785" classname="santodhparki.screencaptureforchrome"/>
  <testcase name="test1" time="3.434" classname="santodhparki.screencaptureforchrome"/>
  <testcase name="test2" time="3.379" classname="santodhparki.screencaptureforchrome"/>
</testsuite> <!-- santodhparki.screencaptureforchrome -->
