<?xml version="1.0" encoding="UTF-8"?>
<!-- Generated by org.testng.reporters.JUnitReportReporter -->
<testsuite skipped="0" hostname="Home-PC" name="santoshparking.exceldaterest.forexceltest" tests="1" failures="0" timestamp="03 Apr 2018 08:24:13 GMT" time="1.078" errors="0">
  <testcase name="satdimport" time="1.078" classname="santoshparking.exceldaterest.forexceltest"/>
</testsuite> <!-- santoshparking.exceldaterest.forexceltest -->
