<?xml version="1.0" encoding="UTF-8"?>
<!-- Generated by org.testng.reporters.JUnitReportReporter -->
<testsuite skipped="0" hostname="Home-PC" name="santoshparking.homepage.parkapp3" tests="3" failures="0" timestamp="28 Mar 2018 05:37:51 GMT" time="2.330" errors="0">
  <testcase name="test" time="0.562" classname="santoshparking.homepage.parkapp3"/>
  <testcase name="test1" time="0.888" classname="santoshparking.homepage.parkapp3"/>
  <testcase name="test2" time="0.880" classname="santoshparking.homepage.parkapp3"/>
</testsuite> <!-- santoshparking.homepage.parkapp3 -->
