<?xml version="1.0" encoding="UTF-8"?>
<!-- Generated by org.testng.reporters.JUnitReportReporter -->
<testsuite skipped="0" hostname="Home-PC" name="santoshparking.homepage.parkapp" tests="1" failures="0" timestamp="28 Mar 2018 05:38:45 GMT" time="0.076" errors="0">
  <testcase name="test" time="0.076" classname="santoshparking.homepage.parkapp"/>
</testsuite> <!-- santoshparking.homepage.parkapp -->
