<?xml version="1.0" encoding="UTF-8"?>
<!-- Generated by org.testng.reporters.JUnitReportReporter -->
<testsuite skipped="0" hostname="Home-PC" name="santoshparking.homepage.crossbrowsertesting" tests="2" failures="0" timestamp="01 Apr 2018 10:43:32 GMT" time="0.778" errors="0">
  <testcase name="test" time="0.634" classname="santoshparking.homepage.crossbrowsertesting"/>
  <testcase name="test" time="0.144" classname="santoshparking.homepage.crossbrowsertesting"/>
</testsuite> <!-- santoshparking.homepage.crossbrowsertesting -->
