<?xml version="1.0" encoding="UTF-8"?>
<!-- Generated by org.testng.reporters.JUnitReportReporter -->
<testsuite skipped="0" hostname="Home-PC" name="santoshparking.homepage.parkapp" tests="1" failures="0" timestamp="27 Mar 2018 09:11:10 GMT" time="0.071" errors="0">
  <testcase name="test" time="0.071" classname="santoshparking.homepage.parkapp"/>
</testsuite> <!-- santoshparking.homepage.parkapp -->
