<?xml version="1.0" encoding="UTF-8"?>
<!-- Generated by org.testng.reporters.JUnitReportReporter -->
<testsuite skipped="3" hostname="Home-PC" name="santodhparki.screencaptureforchrome" tests="3" failures="0" timestamp="01 Apr 2018 11:14:03 GMT" time="0.000" errors="0">
  <testcase name="test2" time="0.000" classname="santodhparki.screencaptureforchrome">
    <skipped/>
  </testcase> <!-- test2 -->
  <testcase name="test1" time="0.000" classname="santodhparki.screencaptureforchrome">
    <skipped/>
  </testcase> <!-- test1 -->
  <testcase name="test" time="0.000" classname="santodhparki.screencaptureforchrome">
    <skipped/>
  </testcase> <!-- test -->
</testsuite> <!-- santodhparki.screencaptureforchrome -->
