<?xml version="1.0" encoding="UTF-8"?>
<!-- Generated by org.testng.reporters.JUnitReportReporter -->
<testsuite skipped="1" hostname="Home-PC" name="santoshparking.homepage.screencaptureforfirefox" tests="3" failures="0" timestamp="01 Apr 2018 10:59:12 GMT" time="1.489" errors="0">
  <testcase name="test" time="0.662" classname="santoshparking.homepage.screencaptureforfirefox"/>
  <testcase name="test2" time="0.827" classname="santoshparking.homepage.screencaptureforfirefox"/>
  <testcase name="test1" classname="santoshparking.homepage.screencaptureforfirefox">
    <skipped/>
  </testcase> <!-- test1 -->
</testsuite> <!-- santoshparking.homepage.screencaptureforfirefox -->
