<?xml version="1.0" encoding="UTF-8"?>
<!-- Generated by org.testng.reporters.JUnitReportReporter -->
<testsuite skipped="0" hostname="Home-PC" name="santoshparking.homepage.parkapp2" tests="1" failures="0" timestamp="28 Mar 2018 05:37:51 GMT" time="5.749" errors="0">
  <testcase name="test" time="5.749" classname="santoshparking.homepage.parkapp2"/>
</testsuite> <!-- santoshparking.homepage.parkapp2 -->
