<?xml version="1.0" encoding="UTF-8"?>
<!-- Generated by org.testng.reporters.JUnitReportReporter -->
<testsuite skipped="0" hostname="Home-PC" name="santoshparking.homepage.parkapp4" tests="2" failures="0" timestamp="01 Apr 2018 10:25:19 GMT" time="0.699" errors="0">
  <testcase name="test" time="0.167" classname="santoshparking.homepage.parkapp4"/>
  <testcase name="test" time="0.532" classname="santoshparking.homepage.parkapp4"/>
</testsuite> <!-- santoshparking.homepage.parkapp4 -->
