<?xml version="1.0" encoding="UTF-8"?>
<!-- Generated by org.testng.reporters.JUnitReportReporter -->
<testsuite skipped="0" hostname="Home-PC" name="santoshparking.homepage.crossbrowsertesting" tests="2" failures="0" timestamp="03 Apr 2018 07:13:02 GMT" time="0.007" errors="0">
  <testcase name="test" time="0.005" classname="santoshparking.homepage.crossbrowsertesting"/>
  <testcase name="test" time="0.002" classname="santoshparking.homepage.crossbrowsertesting"/>
</testsuite> <!-- santoshparking.homepage.crossbrowsertesting -->
